<?xml version="1.0" encoding="UTF-8"?>
<!-- Generated by org.testng.reporters.JUnitReportReporter -->
<testsuite hostname="MACLTUS49393" name="com.dexmedia.seleniumtest.LogintoGmail" tests="1" failures="0" timestamp="9 Dec 2016 17:51:20 GMT" time="2.876" errors="0">
  <testcase name="testbookie" time="2.876" classname="com.dexmedia.seleniumtest.LogintoGmail"/>
</testsuite> <!-- com.dexmedia.seleniumtest.LogintoGmail -->
