<?xml version="1.0" encoding="UTF-8"?>
<!-- Generated by org.testng.reporters.JUnitReportReporter -->
<testsuite hostname="MACLTUS49393" name="com.dexmedia.seleniumtest.LogintoGmail" tests="1" failures="0" timestamp="10 Dec 2016 16:50:16 GMT" time="3.237" errors="0">
  <testcase name="testbookie" time="3.237" classname="com.dexmedia.seleniumtest.LogintoGmail"/>
</testsuite> <!-- com.dexmedia.seleniumtest.LogintoGmail -->
